<?xml version="1.0" encoding="UTF-8"?>
<!-- Generated by org.testng.reporters.JUnitReportReporter -->
<testsuite hostname="LAPTOP-RBH9H83N" failures="0" tests="1" name="com.example.NewTest" time="71.534" errors="0" timestamp="2022-04-18T02:06:10 CDT" skipped="0">
  <testcase classname="com.example.NewTest" name="f" time="71.534"/>
  <system-out/>
</testsuite> <!-- com.example.NewTest -->
